<?xml version="1.0" encoding="UTF-8"?>
<!-- Generated by org.testng.reporters.JUnitReportReporter -->
<testsuite hostname="MSI" failures="0" tests="1" name="VTIGER.DDT.Campaign.CreateCampaignTest" time="59.509" errors="0" timestamp="2025-03-06T17:08:50 IST" skipped="0">
  <testcase classname="VTIGER.DDT.Campaign.CreateCampaignTest" name="createCampaign" time="59.509"/>
  <system-out/>
</testsuite> <!-- VTIGER.DDT.Campaign.CreateCampaignTest -->
