<?xml version="1.0" encoding="UTF-8"?>
<!-- Generated by org.testng.reporters.JUnitReportReporter -->
<testsuite hostname="MSI" failures="0" tests="3" name="com.c.TestNG.DataProviderEg2" time="92.122" errors="0" timestamp="2025-02-20T16:50:45 IST" skipped="0">
  <testcase classname="com.c.TestNG.DataProviderEg2" name="Organization" time="29.316"/>
  <system-out/>
  <testcase classname="com.c.TestNG.DataProviderEg2" name="Organization" time="31.390"/>
  <system-out/>
  <testcase classname="com.c.TestNG.DataProviderEg2" name="Organization" time="31.416"/>
  <system-out/>
</testsuite> <!-- com.c.TestNG.DataProviderEg2 -->
