<?xml version="1.0" encoding="UTF-8"?>
<!-- Generated by org.testng.reporters.JUnitReportReporter -->
<testsuite hostname="MSI" failures="0" tests="1" name="VTIGER.DDT.Organization.CreateOrganization" time="88.606" errors="0" timestamp="2025-02-25T16:53:19 IST" skipped="0">
  <testcase classname="VTIGER.DDT.Organization.CreateOrganization" name="createOrganization" time="88.606"/>
  <system-out/>
</testsuite> <!-- VTIGER.DDT.Organization.CreateOrganization -->
