<?xml version="1.0" encoding="UTF-8"?>
<!-- Generated by org.testng.reporters.JUnitReportReporter -->
<testsuite hostname="MSI" failures="0" tests="3" name="com.c.TestNG.DataProviderEg" time="0.011" errors="0" timestamp="2025-02-20T16:00:45 IST" skipped="0">
  <testcase classname="com.c.TestNG.DataProviderEg" name="bookTicket" time="0.008"/>
  <system-out/>
  <testcase classname="com.c.TestNG.DataProviderEg" name="bookTicket" time="0.001"/>
  <system-out/>
  <testcase classname="com.c.TestNG.DataProviderEg" name="bookTicket" time="0.002"/>
  <system-out/>
</testsuite> <!-- com.c.TestNG.DataProviderEg -->
