<?xml version="1.0" encoding="UTF-8"?>
<!-- Generated by org.testng.reporters.JUnitReportReporter -->
<testsuite hostname="MSI" failures="0" tests="1" name="VTIGER.DDT.Product.CreateProduct" time="35.411" errors="0" timestamp="2025-02-28T15:45:53 IST" skipped="0">
  <testcase classname="VTIGER.DDT.Product.CreateProduct" name="createProduct" time="35.411"/>
  <system-out/>
</testsuite> <!-- VTIGER.DDT.Product.CreateProduct -->
