<?xml version="1.0" encoding="UTF-8"?>
<!-- Generated by org.testng.reporters.JUnitReportReporter -->
<testsuite hostname="MSI" failures="0" tests="1" name="VTIGER.DDT.Campaign.CreateCampaignTest" time="17.234" errors="0" timestamp="2025-03-12T17:01:55 IST" skipped="0">
  <testcase classname="VTIGER.DDT.Campaign.CreateCampaignTest" name="createCampaign" time="17.234"/>
  <system-out/>
</testsuite> <!-- VTIGER.DDT.Campaign.CreateCampaignTest -->
