<?xml version="1.0" encoding="UTF-8"?>
<!-- Generated by org.testng.reporters.JUnitReportReporter -->
<testsuite hostname="MSI" failures="0" tests="1" name="com.d.DemoPackage.MavenParameterTest" time="10.381" errors="0" timestamp="2025-03-12T17:01:55 IST" skipped="0">
  <testcase classname="com.d.DemoPackage.MavenParameterTest" name="Test1" time="10.381"/>
  <system-out/>
</testsuite> <!-- com.d.DemoPackage.MavenParameterTest -->
