<?xml version="1.0" encoding="UTF-8"?>
<!-- Generated by org.testng.reporters.JUnitReportReporter -->
<testsuite hostname="MSI" failures="0" tests="2" name="com.d.DemoPackage.MavenDemoTest" time="0.006" errors="0" timestamp="2025-03-12T17:01:55 IST" skipped="0">
  <testcase classname="com.d.DemoPackage.MavenDemoTest" name="test2" time="0.001"/>
  <system-out/>
  <testcase classname="com.d.DemoPackage.MavenDemoTest" name="test1" time="0.005"/>
  <system-out/>
</testsuite> <!-- com.d.DemoPackage.MavenDemoTest -->
