<?xml version="1.0" encoding="UTF-8"?>
<!-- Generated by org.testng.reporters.JUnitReportReporter -->
<testsuite hostname="MSI" failures="0" tests="1" name="VTIGER.DDT.Product.CreateProductTest" time="19.264" errors="0" timestamp="2025-03-12T17:01:55 IST" skipped="0">
  <testcase classname="VTIGER.DDT.Product.CreateProductTest" name="createProduct" time="19.264"/>
  <system-out/>
</testsuite> <!-- VTIGER.DDT.Product.CreateProductTest -->
