<?xml version="1.0" encoding="UTF-8"?>
<!-- Generated by org.testng.reporters.JUnitReportReporter -->
<testsuite hostname="MSI" failures="0" tests="1" name="VTIGER.DDT.Organization.CreateOrganizationTest" time="20.476" errors="0" timestamp="2025-03-12T17:01:55 IST" skipped="0">
  <testcase classname="VTIGER.DDT.Organization.CreateOrganizationTest" name="createOrganization" time="20.476"/>
  <system-out/>
</testsuite> <!-- VTIGER.DDT.Organization.CreateOrganizationTest -->
